{
  "stats": {
    "suites": 1,
    "tests": 1,
    "passes": 1,
    "pending": 0,
    "failures": 0,
    "start": "2022-08-26T14:02:15.632Z",
    "end": "2022-08-26T14:02:18.594Z",
    "duration": 2962,
    "testsRegistered": 1,
    "passPercent": 100,
    "pendingPercent": 0,
    "other": 0,
    "hasOther": false,
    "skipped": 0,
    "hasSkipped": false
  },
  "results": [
    {
      "uuid": "d5c71e64-3d43-42fa-95cf-aae77b199337",
      "title": "",
      "fullFile": "cypress/component/PageHeader.spec.js",
      "file": "cypress/component/PageHeader.spec.js",
      "beforeHooks": [],
      "afterHooks": [],
      "tests": [],
      "suites": [
        {
          "uuid": "9b4f2fbd-a6c9-42dc-a541-9eefdc5f7da8",
          "title": "PageHeader component",
          "fullFile": "",
          "file": "",
          "beforeHooks": [],
          "afterHooks": [],
          "tests": [
            {
              "title": "Deve ser renderizado com sucesso",
              "fullTitle": "PageHeader component Deve ser renderizado com sucesso",
              "timedOut": null,
              "duration": 266,
              "state": "passed",
              "speed": "slow",
              "pass": true,
              "fail": false,
              "pending": false,
              "context": null,
              "code": "cov_28m9yb80nl.f[1]++;\ncov_28m9yb80nl.s[6]++;\n(0, _cypressReactUnitTest.mount)( /*#__PURE__*/_react[\"default\"].createElement(_reactRouterDom.BrowserRouter, {\n  __self: _this,\n  __source: {\n    fileName: _jsxFileName,\n    lineNumber: 17,\n    columnNumber: 13\n  }\n}, /*#__PURE__*/_react[\"default\"].createElement(_PageHeader[\"default\"], {\n  title: title,\n  description: description,\n  __self: _this,\n  __source: {\n    fileName: _jsxFileName,\n    lineNumber: 18,\n    columnNumber: 17\n  }\n})), {\n  stylesheets: [baseCss, indexCss]\n});\ncov_28m9yb80nl.s[7]++;\ncy.get('.page-header').as('header');\ncov_28m9yb80nl.s[8]++;\ncy.get('@header').find('strong').as('title');\ncov_28m9yb80nl.s[9]++;\ncy.get('@header').find('p').as('description');\ncov_28m9yb80nl.s[10]++;\ncy.get('@title').should('have.text', title);\ncov_28m9yb80nl.s[11]++;\ncy.get('@description').should('have.text', description);\ncov_28m9yb80nl.s[12]++;\ncy.get('@header').then(function ($elemento) {\n  cov_28m9yb80nl.f[2]++;\n  cov_28m9yb80nl.s[13]++;\n  expect($elemento.css('background-color')).to.be.equal('rgb(130, 87, 229)');\n  cov_28m9yb80nl.s[14]++;\n  expect($elemento.css('flex-direction')).to.be.equal('column');\n});",
              "err": {},
              "uuid": "734aeddb-6d35-441b-a54d-ed5dc0ac762d",
              "parentUUID": "9b4f2fbd-a6c9-42dc-a541-9eefdc5f7da8",
              "isHook": false,
              "skipped": false
            }
          ],
          "suites": [],
          "passes": [
            "734aeddb-6d35-441b-a54d-ed5dc0ac762d"
          ],
          "failures": [],
          "pending": [],
          "skipped": [],
          "duration": 266,
          "root": false,
          "rootEmpty": false,
          "_timeout": 2000
        }
      ],
      "passes": [],
      "failures": [],
      "pending": [],
      "skipped": [],
      "duration": 0,
      "root": true,
      "rootEmpty": true,
      "_timeout": 2000
    }
  ],
  "meta": {
    "mocha": {
      "version": "7.0.1"
    },
    "mochawesome": {
      "options": {
        "quiet": true,
        "reportFilename": "mochawesome",
        "saveHtml": false,
        "saveJson": true,
        "consoleReporter": "spec",
        "useInlineDiffs": false,
        "code": true
      },
      "version": "6.1.1"
    },
    "marge": {
      "options": {
        "id": "default",
        "reportDir": "mochawesome-report",
        "quiet": true,
        "overwrite": false,
        "html": false,
        "json": true
      },
      "version": "5.1.0"
    }
  }
}