{
  "stats": {
    "suites": 1,
    "tests": 2,
    "passes": 2,
    "pending": 0,
    "failures": 0,
    "start": "2022-08-26T01:30:24.895Z",
    "end": "2022-08-26T01:30:28.421Z",
    "duration": 3526,
    "testsRegistered": 2,
    "passPercent": 100,
    "pendingPercent": 0,
    "other": 0,
    "hasOther": false,
    "skipped": 0,
    "hasSkipped": false
  },
  "results": [
    {
      "uuid": "bdb3bffc-523d-45dc-b5ad-173cae42ad2f",
      "title": "",
      "fullFile": "cypress/integration/ui/landing-global.spec.js",
      "file": "cypress/integration/ui/landing-global.spec.js",
      "beforeHooks": [],
      "afterHooks": [],
      "tests": [],
      "suites": [
        {
          "uuid": "e4de29d2-0447-4b4f-a413-1d1386fd6106",
          "title": "Landing Page",
          "fullFile": "",
          "file": "",
          "beforeHooks": [],
          "afterHooks": [],
          "tests": [
            {
              "title": "Navegar para o cadastro de aulas",
              "fullTitle": "Landing Page Navegar para o cadastro de aulas",
              "timedOut": null,
              "duration": 767,
              "state": "passed",
              "speed": "slow",
              "pass": true,
              "fail": false,
              "pending": false,
              "context": null,
              "code": "cov_vkyyplw0v.f[2]++;\ncov_vkyyplw0v.s[4]++;\ncy.get('div a.give-classes').click();\ncov_vkyyplw0v.s[5]++;\ncy.url().should('contain', 'give-classes');",
              "err": {},
              "uuid": "d7566284-f7ab-4dd5-a529-2b6542c74d1e",
              "parentUUID": "e4de29d2-0447-4b4f-a413-1d1386fd6106",
              "isHook": false,
              "skipped": false
            },
            {
              "title": "Navegar para pesquisa de professores",
              "fullTitle": "Landing Page Navegar para pesquisa de professores",
              "timedOut": null,
              "duration": 301,
              "state": "passed",
              "speed": "slow",
              "pass": true,
              "fail": false,
              "pending": false,
              "context": null,
              "code": "cov_vkyyplw0v.f[3]++;\ncov_vkyyplw0v.s[7]++;\ncy.get('div a.study').click();\ncov_vkyyplw0v.s[8]++;\ncy.url().should('contain', 'study');",
              "err": {},
              "uuid": "2de53786-4d52-4eae-9090-48885f6bd11b",
              "parentUUID": "e4de29d2-0447-4b4f-a413-1d1386fd6106",
              "isHook": false,
              "skipped": false
            }
          ],
          "suites": [],
          "passes": [
            "d7566284-f7ab-4dd5-a529-2b6542c74d1e",
            "2de53786-4d52-4eae-9090-48885f6bd11b"
          ],
          "failures": [],
          "pending": [],
          "skipped": [],
          "duration": 1068,
          "root": false,
          "rootEmpty": false,
          "_timeout": 2000
        }
      ],
      "passes": [],
      "failures": [],
      "pending": [],
      "skipped": [],
      "duration": 0,
      "root": true,
      "rootEmpty": true,
      "_timeout": 2000
    }
  ],
  "meta": {
    "mocha": {
      "version": "7.0.1"
    },
    "mochawesome": {
      "options": {
        "quiet": true,
        "reportFilename": "mochawesome",
        "saveHtml": false,
        "saveJson": true,
        "consoleReporter": "spec",
        "useInlineDiffs": false,
        "code": true
      },
      "version": "6.1.1"
    },
    "marge": {
      "options": {
        "id": "default",
        "reportDir": "mochawesome-report",
        "quiet": true,
        "overwrite": false,
        "html": false,
        "json": true
      },
      "version": "5.1.0"
    }
  }
}