{
  "stats": {
    "suites": 1,
    "tests": 1,
    "passes": 1,
    "pending": 0,
    "failures": 0,
    "start": "2022-08-26T01:24:27.380Z",
    "end": "2022-08-26T01:24:30.465Z",
    "duration": 3085,
    "testsRegistered": 1,
    "passPercent": 100,
    "pendingPercent": 0,
    "other": 0,
    "hasOther": false,
    "skipped": 0,
    "hasSkipped": false
  },
  "results": [
    {
      "uuid": "263a0b7c-09ab-4987-b81f-efc2ca704239",
      "title": "",
      "fullFile": "cypress/integration/a11y/cy-a11y.spec.js",
      "file": "cypress/integration/a11y/cy-a11y.spec.js",
      "beforeHooks": [],
      "afterHooks": [],
      "tests": [],
      "suites": [
        {
          "uuid": "d8ce1157-68c6-420a-99f0-b9577196bc56",
          "title": "Accessibility",
          "fullFile": "",
          "file": "",
          "beforeHooks": [],
          "afterHooks": [],
          "tests": [
            {
              "title": "should run accessibility audits",
              "fullTitle": "Accessibility should run accessibility audits",
              "timedOut": null,
              "duration": 1032,
              "state": "passed",
              "speed": "slow",
              "pass": true,
              "fail": false,
              "pending": false,
              "context": null,
              "code": "cov_12i8syjc7j.f[1]++;\ncov_12i8syjc7j.s[2]++;\ncy.visit('/'); //         cy.injectAxe();\n//         cy.checkA11y();",
              "err": {},
              "uuid": "ff556094-7fa2-4223-a80b-8baf15e1b946",
              "parentUUID": "d8ce1157-68c6-420a-99f0-b9577196bc56",
              "isHook": false,
              "skipped": false
            }
          ],
          "suites": [],
          "passes": [
            "ff556094-7fa2-4223-a80b-8baf15e1b946"
          ],
          "failures": [],
          "pending": [],
          "skipped": [],
          "duration": 1032,
          "root": false,
          "rootEmpty": false,
          "_timeout": 2000
        }
      ],
      "passes": [],
      "failures": [],
      "pending": [],
      "skipped": [],
      "duration": 0,
      "root": true,
      "rootEmpty": true,
      "_timeout": 2000
    }
  ],
  "meta": {
    "mocha": {
      "version": "7.0.1"
    },
    "mochawesome": {
      "options": {
        "quiet": true,
        "reportFilename": "mochawesome",
        "saveHtml": false,
        "saveJson": true,
        "consoleReporter": "spec",
        "useInlineDiffs": false,
        "code": true
      },
      "version": "6.1.1"
    },
    "marge": {
      "options": {
        "id": "default",
        "reportDir": "mochawesome-report",
        "quiet": true,
        "overwrite": false,
        "html": false,
        "json": true
      },
      "version": "5.1.0"
    }
  }
}