{
  "stats": {
    "suites": 1,
    "tests": 2,
    "passes": 2,
    "pending": 0,
    "failures": 0,
    "start": "2022-08-26T01:51:33.200Z",
    "end": "2022-08-26T01:51:36.188Z",
    "duration": 2988,
    "testsRegistered": 2,
    "passPercent": 100,
    "pendingPercent": 0,
    "other": 0,
    "hasOther": false,
    "skipped": 0,
    "hasSkipped": false
  },
  "results": [
    {
      "uuid": "4153bddb-7134-4bc6-bf69-ca3afd12d963",
      "title": "",
      "fullFile": "cypress/integration/ui/landing-global.spec.js",
      "file": "cypress/integration/ui/landing-global.spec.js",
      "beforeHooks": [],
      "afterHooks": [],
      "tests": [],
      "suites": [
        {
          "uuid": "5b1ff937-f145-478a-80d7-5eaf9dfd4e2e",
          "title": "Landing Page",
          "fullFile": "",
          "file": "",
          "beforeHooks": [],
          "afterHooks": [],
          "tests": [
            {
              "title": "Navegar para o cadastro de aulas",
              "fullTitle": "Landing Page Navegar para o cadastro de aulas",
              "timedOut": null,
              "duration": 703,
              "state": "passed",
              "speed": "slow",
              "pass": true,
              "fail": false,
              "pending": false,
              "context": null,
              "code": "cov_vkyyplw0v.f[2]++;\ncov_vkyyplw0v.s[4]++;\ncy.get('div a.give-classes').click();\ncov_vkyyplw0v.s[5]++;\ncy.url().should('contain', 'give-classes');",
              "err": {},
              "uuid": "ff0939aa-10d8-46b8-af80-6776d0d24834",
              "parentUUID": "5b1ff937-f145-478a-80d7-5eaf9dfd4e2e",
              "isHook": false,
              "skipped": false
            },
            {
              "title": "Navegar para pesquisa de professores",
              "fullTitle": "Landing Page Navegar para pesquisa de professores",
              "timedOut": null,
              "duration": 262,
              "state": "passed",
              "speed": "slow",
              "pass": true,
              "fail": false,
              "pending": false,
              "context": null,
              "code": "cov_vkyyplw0v.f[3]++;\ncov_vkyyplw0v.s[7]++;\ncy.get('div a.study').click();\ncov_vkyyplw0v.s[8]++;\ncy.url().should('contain', 'study');",
              "err": {},
              "uuid": "a95295f1-6a1d-46c0-9e1a-e4c783b8231e",
              "parentUUID": "5b1ff937-f145-478a-80d7-5eaf9dfd4e2e",
              "isHook": false,
              "skipped": false
            }
          ],
          "suites": [],
          "passes": [
            "ff0939aa-10d8-46b8-af80-6776d0d24834",
            "a95295f1-6a1d-46c0-9e1a-e4c783b8231e"
          ],
          "failures": [],
          "pending": [],
          "skipped": [],
          "duration": 965,
          "root": false,
          "rootEmpty": false,
          "_timeout": 2000
        }
      ],
      "passes": [],
      "failures": [],
      "pending": [],
      "skipped": [],
      "duration": 0,
      "root": true,
      "rootEmpty": true,
      "_timeout": 2000
    }
  ],
  "meta": {
    "mocha": {
      "version": "7.0.1"
    },
    "mochawesome": {
      "options": {
        "quiet": true,
        "reportFilename": "mochawesome",
        "saveHtml": false,
        "saveJson": true,
        "consoleReporter": "spec",
        "useInlineDiffs": false,
        "code": true
      },
      "version": "6.1.1"
    },
    "marge": {
      "options": {
        "id": "default",
        "reportDir": "mochawesome-report",
        "quiet": true,
        "overwrite": false,
        "html": false,
        "json": true
      },
      "version": "5.1.0"
    }
  }
}