{
  "stats": {
    "suites": 1,
    "tests": 2,
    "passes": 2,
    "pending": 0,
    "failures": 0,
    "start": "2022-08-26T17:22:42.181Z",
    "end": "2022-08-26T17:22:45.126Z",
    "duration": 2945,
    "testsRegistered": 2,
    "passPercent": 100,
    "pendingPercent": 0,
    "other": 0,
    "hasOther": false,
    "skipped": 0,
    "hasSkipped": false
  },
  "results": [
    {
      "uuid": "471ce873-b67e-4681-aa16-8a45814606fb",
      "title": "",
      "fullFile": "cypress/integration/ui/landing-global.spec.js",
      "file": "cypress/integration/ui/landing-global.spec.js",
      "beforeHooks": [],
      "afterHooks": [],
      "tests": [],
      "suites": [
        {
          "uuid": "e9f65710-6c3b-482a-bd7c-6b80fc70e5ef",
          "title": "Landing Page",
          "fullFile": "",
          "file": "",
          "beforeHooks": [],
          "afterHooks": [],
          "tests": [
            {
              "title": "Navegar para o cadastro de aulas",
              "fullTitle": "Landing Page Navegar para o cadastro de aulas",
              "timedOut": null,
              "duration": 689,
              "state": "passed",
              "speed": "slow",
              "pass": true,
              "fail": false,
              "pending": false,
              "context": null,
              "code": "cov_vkyyplw0v.f[2]++;\ncov_vkyyplw0v.s[4]++;\ncy.get('div a.give-classes').click();\ncov_vkyyplw0v.s[5]++;\ncy.url().should('contain', 'give-classes');",
              "err": {},
              "uuid": "f5ca7b8b-2bc0-486d-b475-5964759fa8fc",
              "parentUUID": "e9f65710-6c3b-482a-bd7c-6b80fc70e5ef",
              "isHook": false,
              "skipped": false
            },
            {
              "title": "Navegar para pesquisa de professores",
              "fullTitle": "Landing Page Navegar para pesquisa de professores",
              "timedOut": null,
              "duration": 262,
              "state": "passed",
              "speed": "slow",
              "pass": true,
              "fail": false,
              "pending": false,
              "context": null,
              "code": "cov_vkyyplw0v.f[3]++;\ncov_vkyyplw0v.s[7]++;\ncy.get('div a.study').click();\ncov_vkyyplw0v.s[8]++;\ncy.url().should('contain', 'study');",
              "err": {},
              "uuid": "ac173d4f-4589-411d-956d-fd9e11e62cd3",
              "parentUUID": "e9f65710-6c3b-482a-bd7c-6b80fc70e5ef",
              "isHook": false,
              "skipped": false
            }
          ],
          "suites": [],
          "passes": [
            "f5ca7b8b-2bc0-486d-b475-5964759fa8fc",
            "ac173d4f-4589-411d-956d-fd9e11e62cd3"
          ],
          "failures": [],
          "pending": [],
          "skipped": [],
          "duration": 951,
          "root": false,
          "rootEmpty": false,
          "_timeout": 2000
        }
      ],
      "passes": [],
      "failures": [],
      "pending": [],
      "skipped": [],
      "duration": 0,
      "root": true,
      "rootEmpty": true,
      "_timeout": 2000
    }
  ],
  "meta": {
    "mocha": {
      "version": "7.0.1"
    },
    "mochawesome": {
      "options": {
        "quiet": true,
        "reportFilename": "mochawesome",
        "saveHtml": false,
        "saveJson": true,
        "consoleReporter": "spec",
        "useInlineDiffs": false,
        "code": true
      },
      "version": "6.1.1"
    },
    "marge": {
      "options": {
        "id": "default",
        "reportDir": "mochawesome-report",
        "quiet": true,
        "overwrite": false,
        "html": false,
        "json": true
      },
      "version": "5.1.0"
    }
  }
}