{
  "stats": {
    "suites": 2,
    "tests": 4,
    "passes": 4,
    "pending": 0,
    "failures": 0,
    "start": "2022-08-26T14:03:50.352Z",
    "end": "2022-08-26T14:03:54.694Z",
    "duration": 4342,
    "testsRegistered": 4,
    "passPercent": 100,
    "pendingPercent": 0,
    "other": 0,
    "hasOther": false,
    "skipped": 0,
    "hasSkipped": false
  },
  "results": [
    {
      "uuid": "e5a0844d-f9b3-42f5-9a09-5263c69d859a",
      "title": "",
      "fullFile": "cypress/integration/ui/landing.spec.js",
      "file": "cypress/integration/ui/landing.spec.js",
      "beforeHooks": [],
      "afterHooks": [],
      "tests": [],
      "suites": [
        {
          "uuid": "9c7fa9ad-0943-41b3-9688-5d272173f50e",
          "title": "Landing Page - 1200px",
          "fullFile": "",
          "file": "",
          "beforeHooks": [],
          "afterHooks": [],
          "tests": [
            {
              "title": "Navegar para o cadastro de aulas",
              "fullTitle": "Landing Page - 1200px Navegar para o cadastro de aulas",
              "timedOut": null,
              "duration": 815,
              "state": "passed",
              "speed": "slow",
              "pass": true,
              "fail": false,
              "pending": false,
              "context": null,
              "code": "cov_1j4216ryy2.f[3]++;\ncov_1j4216ryy2.s[8]++;\ncy.get('div a.give-classes').click();\ncov_1j4216ryy2.s[9]++;\ncy.url().should('contain', 'give-classes');",
              "err": {},
              "uuid": "2cc68f97-ed0c-4bac-91ca-9384d907aadf",
              "parentUUID": "9c7fa9ad-0943-41b3-9688-5d272173f50e",
              "isHook": false,
              "skipped": false
            },
            {
              "title": "Navegar para pesquisa de professores",
              "fullTitle": "Landing Page - 1200px Navegar para pesquisa de professores",
              "timedOut": null,
              "duration": 326,
              "state": "passed",
              "speed": "slow",
              "pass": true,
              "fail": false,
              "pending": false,
              "context": null,
              "code": "cov_1j4216ryy2.f[4]++;\ncov_1j4216ryy2.s[11]++;\ncy.get('div a.study').click();\ncov_1j4216ryy2.s[12]++;\ncy.url().should('contain', 'study');",
              "err": {},
              "uuid": "afe6ebff-2ad2-4f5d-af52-6719992be001",
              "parentUUID": "9c7fa9ad-0943-41b3-9688-5d272173f50e",
              "isHook": false,
              "skipped": false
            }
          ],
          "suites": [],
          "passes": [
            "2cc68f97-ed0c-4bac-91ca-9384d907aadf",
            "afe6ebff-2ad2-4f5d-af52-6719992be001"
          ],
          "failures": [],
          "pending": [],
          "skipped": [],
          "duration": 1141,
          "root": false,
          "rootEmpty": false,
          "_timeout": 2000
        },
        {
          "uuid": "4acbbe56-9c73-41c0-9ca6-c4586c57a910",
          "title": "Landing Page - 1090px",
          "fullFile": "",
          "file": "",
          "beforeHooks": [],
          "afterHooks": [],
          "tests": [
            {
              "title": "Navegar para o cadastro de aulas",
              "fullTitle": "Landing Page - 1090px Navegar para o cadastro de aulas",
              "timedOut": null,
              "duration": 314,
              "state": "passed",
              "speed": "slow",
              "pass": true,
              "fail": false,
              "pending": false,
              "context": null,
              "code": "cov_1j4216ryy2.f[3]++;\ncov_1j4216ryy2.s[8]++;\ncy.get('div a.give-classes').click();\ncov_1j4216ryy2.s[9]++;\ncy.url().should('contain', 'give-classes');",
              "err": {},
              "uuid": "cc279963-7474-489b-9a2f-392f2e795dae",
              "parentUUID": "4acbbe56-9c73-41c0-9ca6-c4586c57a910",
              "isHook": false,
              "skipped": false
            },
            {
              "title": "Navegar para pesquisa de professores",
              "fullTitle": "Landing Page - 1090px Navegar para pesquisa de professores",
              "timedOut": null,
              "duration": 288,
              "state": "passed",
              "speed": "slow",
              "pass": true,
              "fail": false,
              "pending": false,
              "context": null,
              "code": "cov_1j4216ryy2.f[4]++;\ncov_1j4216ryy2.s[11]++;\ncy.get('div a.study').click();\ncov_1j4216ryy2.s[12]++;\ncy.url().should('contain', 'study');",
              "err": {},
              "uuid": "e0477873-68ec-4253-83d1-26303c0b4f79",
              "parentUUID": "4acbbe56-9c73-41c0-9ca6-c4586c57a910",
              "isHook": false,
              "skipped": false
            }
          ],
          "suites": [],
          "passes": [
            "cc279963-7474-489b-9a2f-392f2e795dae",
            "e0477873-68ec-4253-83d1-26303c0b4f79"
          ],
          "failures": [],
          "pending": [],
          "skipped": [],
          "duration": 602,
          "root": false,
          "rootEmpty": false,
          "_timeout": 2000
        }
      ],
      "passes": [],
      "failures": [],
      "pending": [],
      "skipped": [],
      "duration": 0,
      "root": true,
      "rootEmpty": true,
      "_timeout": 2000
    }
  ],
  "meta": {
    "mocha": {
      "version": "7.0.1"
    },
    "mochawesome": {
      "options": {
        "quiet": true,
        "reportFilename": "mochawesome",
        "saveHtml": false,
        "saveJson": true,
        "consoleReporter": "spec",
        "useInlineDiffs": false,
        "code": true
      },
      "version": "6.1.1"
    },
    "marge": {
      "options": {
        "id": "default",
        "reportDir": "mochawesome-report",
        "quiet": true,
        "overwrite": false,
        "html": false,
        "json": true
      },
      "version": "5.1.0"
    }
  }
}