{
  "stats": {
    "suites": 2,
    "tests": 4,
    "passes": 4,
    "pending": 0,
    "failures": 0,
    "start": "2022-08-26T01:25:11.574Z",
    "end": "2022-08-26T01:25:14.960Z",
    "duration": 3386,
    "testsRegistered": 4,
    "passPercent": 100,
    "pendingPercent": 0,
    "other": 0,
    "hasOther": false,
    "skipped": 0,
    "hasSkipped": false
  },
  "results": [
    {
      "uuid": "f7201db8-dba1-4a47-9689-c45f84057ae0",
      "title": "",
      "fullFile": "cypress/integration/ui/landing.spec.js",
      "file": "cypress/integration/ui/landing.spec.js",
      "beforeHooks": [],
      "afterHooks": [],
      "tests": [],
      "suites": [
        {
          "uuid": "2fe52b6e-e8bc-4468-9141-7fe494cc6f48",
          "title": "Landing Page - 1200px",
          "fullFile": "",
          "file": "",
          "beforeHooks": [],
          "afterHooks": [],
          "tests": [
            {
              "title": "Navegar para o cadastro de aulas",
              "fullTitle": "Landing Page - 1200px Navegar para o cadastro de aulas",
              "timedOut": null,
              "duration": 675,
              "state": "passed",
              "speed": "slow",
              "pass": true,
              "fail": false,
              "pending": false,
              "context": null,
              "code": "cov_1j4216ryy2.f[3]++;\ncov_1j4216ryy2.s[8]++;\ncy.get('div a.give-classes').click();\ncov_1j4216ryy2.s[9]++;\ncy.url().should('contain', 'give-classes');",
              "err": {},
              "uuid": "cd854640-c3a3-4615-bc17-3f4d452fc459",
              "parentUUID": "2fe52b6e-e8bc-4468-9141-7fe494cc6f48",
              "isHook": false,
              "skipped": false
            },
            {
              "title": "Navegar para pesquisa de professores",
              "fullTitle": "Landing Page - 1200px Navegar para pesquisa de professores",
              "timedOut": null,
              "duration": 256,
              "state": "passed",
              "speed": "slow",
              "pass": true,
              "fail": false,
              "pending": false,
              "context": null,
              "code": "cov_1j4216ryy2.f[4]++;\ncov_1j4216ryy2.s[11]++;\ncy.get('div a.study').click();\ncov_1j4216ryy2.s[12]++;\ncy.url().should('contain', 'study');",
              "err": {},
              "uuid": "27aa0255-a223-4a46-910c-0a8b0a63caa1",
              "parentUUID": "2fe52b6e-e8bc-4468-9141-7fe494cc6f48",
              "isHook": false,
              "skipped": false
            }
          ],
          "suites": [],
          "passes": [
            "cd854640-c3a3-4615-bc17-3f4d452fc459",
            "27aa0255-a223-4a46-910c-0a8b0a63caa1"
          ],
          "failures": [],
          "pending": [],
          "skipped": [],
          "duration": 931,
          "root": false,
          "rootEmpty": false,
          "_timeout": 2000
        },
        {
          "uuid": "0a892ffc-20c3-4ef7-aee9-1b40b5772e71",
          "title": "Landing Page - 1090px",
          "fullFile": "",
          "file": "",
          "beforeHooks": [],
          "afterHooks": [],
          "tests": [
            {
              "title": "Navegar para o cadastro de aulas",
              "fullTitle": "Landing Page - 1090px Navegar para o cadastro de aulas",
              "timedOut": null,
              "duration": 265,
              "state": "passed",
              "speed": "slow",
              "pass": true,
              "fail": false,
              "pending": false,
              "context": null,
              "code": "cov_1j4216ryy2.f[3]++;\ncov_1j4216ryy2.s[8]++;\ncy.get('div a.give-classes').click();\ncov_1j4216ryy2.s[9]++;\ncy.url().should('contain', 'give-classes');",
              "err": {},
              "uuid": "f3ddca75-adc9-40b6-9e8f-4ccadd1719b7",
              "parentUUID": "0a892ffc-20c3-4ef7-aee9-1b40b5772e71",
              "isHook": false,
              "skipped": false
            },
            {
              "title": "Navegar para pesquisa de professores",
              "fullTitle": "Landing Page - 1090px Navegar para pesquisa de professores",
              "timedOut": null,
              "duration": 240,
              "state": "passed",
              "speed": "slow",
              "pass": true,
              "fail": false,
              "pending": false,
              "context": null,
              "code": "cov_1j4216ryy2.f[4]++;\ncov_1j4216ryy2.s[11]++;\ncy.get('div a.study').click();\ncov_1j4216ryy2.s[12]++;\ncy.url().should('contain', 'study');",
              "err": {},
              "uuid": "72ca0851-733a-43aa-a9bd-3b77f987487a",
              "parentUUID": "0a892ffc-20c3-4ef7-aee9-1b40b5772e71",
              "isHook": false,
              "skipped": false
            }
          ],
          "suites": [],
          "passes": [
            "f3ddca75-adc9-40b6-9e8f-4ccadd1719b7",
            "72ca0851-733a-43aa-a9bd-3b77f987487a"
          ],
          "failures": [],
          "pending": [],
          "skipped": [],
          "duration": 505,
          "root": false,
          "rootEmpty": false,
          "_timeout": 2000
        }
      ],
      "passes": [],
      "failures": [],
      "pending": [],
      "skipped": [],
      "duration": 0,
      "root": true,
      "rootEmpty": true,
      "_timeout": 2000
    }
  ],
  "meta": {
    "mocha": {
      "version": "7.0.1"
    },
    "mochawesome": {
      "options": {
        "quiet": true,
        "reportFilename": "mochawesome",
        "saveHtml": false,
        "saveJson": true,
        "consoleReporter": "spec",
        "useInlineDiffs": false,
        "code": true
      },
      "version": "6.1.1"
    },
    "marge": {
      "options": {
        "id": "default",
        "reportDir": "mochawesome-report",
        "quiet": true,
        "overwrite": false,
        "html": false,
        "json": true
      },
      "version": "5.1.0"
    }
  }
}