{
  "stats": {
    "suites": 1,
    "tests": 2,
    "passes": 2,
    "pending": 0,
    "failures": 0,
    "start": "2022-08-26T13:58:30.318Z",
    "end": "2022-08-26T13:58:33.149Z",
    "duration": 2831,
    "testsRegistered": 2,
    "passPercent": 100,
    "pendingPercent": 0,
    "other": 0,
    "hasOther": false,
    "skipped": 0,
    "hasSkipped": false
  },
  "results": [
    {
      "uuid": "ca3cdc36-a07e-4f22-addd-8ebc40577779",
      "title": "",
      "fullFile": "cypress/integration/ui/landing-global.spec.js",
      "file": "cypress/integration/ui/landing-global.spec.js",
      "beforeHooks": [],
      "afterHooks": [],
      "tests": [],
      "suites": [
        {
          "uuid": "41857b50-1523-410c-8ada-649383f1c723",
          "title": "Landing Page",
          "fullFile": "",
          "file": "",
          "beforeHooks": [],
          "afterHooks": [],
          "tests": [
            {
              "title": "Navegar para o cadastro de aulas",
              "fullTitle": "Landing Page Navegar para o cadastro de aulas",
              "timedOut": null,
              "duration": 662,
              "state": "passed",
              "speed": "slow",
              "pass": true,
              "fail": false,
              "pending": false,
              "context": null,
              "code": "cov_vkyyplw0v.f[2]++;\ncov_vkyyplw0v.s[4]++;\ncy.get('div a.give-classes').click();\ncov_vkyyplw0v.s[5]++;\ncy.url().should('contain', 'give-classes');",
              "err": {},
              "uuid": "f8b0e2cf-09ee-4209-9e3a-4bf8dccef1d2",
              "parentUUID": "41857b50-1523-410c-8ada-649383f1c723",
              "isHook": false,
              "skipped": false
            },
            {
              "title": "Navegar para pesquisa de professores",
              "fullTitle": "Landing Page Navegar para pesquisa de professores",
              "timedOut": null,
              "duration": 219,
              "state": "passed",
              "speed": "slow",
              "pass": true,
              "fail": false,
              "pending": false,
              "context": null,
              "code": "cov_vkyyplw0v.f[3]++;\ncov_vkyyplw0v.s[7]++;\ncy.get('div a.study').click();\ncov_vkyyplw0v.s[8]++;\ncy.url().should('contain', 'study');",
              "err": {},
              "uuid": "9414c5d8-fd78-43c6-8598-b4ac7c8c909d",
              "parentUUID": "41857b50-1523-410c-8ada-649383f1c723",
              "isHook": false,
              "skipped": false
            }
          ],
          "suites": [],
          "passes": [
            "f8b0e2cf-09ee-4209-9e3a-4bf8dccef1d2",
            "9414c5d8-fd78-43c6-8598-b4ac7c8c909d"
          ],
          "failures": [],
          "pending": [],
          "skipped": [],
          "duration": 881,
          "root": false,
          "rootEmpty": false,
          "_timeout": 2000
        }
      ],
      "passes": [],
      "failures": [],
      "pending": [],
      "skipped": [],
      "duration": 0,
      "root": true,
      "rootEmpty": true,
      "_timeout": 2000
    }
  ],
  "meta": {
    "mocha": {
      "version": "7.0.1"
    },
    "mochawesome": {
      "options": {
        "quiet": true,
        "reportFilename": "mochawesome",
        "saveHtml": false,
        "saveJson": true,
        "consoleReporter": "spec",
        "useInlineDiffs": false,
        "code": true
      },
      "version": "6.1.1"
    },
    "marge": {
      "options": {
        "id": "default",
        "reportDir": "mochawesome-report",
        "quiet": true,
        "overwrite": false,
        "html": false,
        "json": true
      },
      "version": "5.1.0"
    }
  }
}