{
  "stats": {
    "suites": 2,
    "tests": 4,
    "passes": 4,
    "pending": 0,
    "failures": 0,
    "start": "2022-08-25T22:49:17.534Z",
    "end": "2022-08-25T22:49:21.236Z",
    "duration": 3702,
    "testsRegistered": 4,
    "passPercent": 100,
    "pendingPercent": 0,
    "other": 0,
    "hasOther": false,
    "skipped": 0,
    "hasSkipped": false
  },
  "results": [
    {
      "uuid": "f786ffd4-adb7-41f1-b001-060abd0a893f",
      "title": "",
      "fullFile": "cypress/integration/ui/landing.spec.js",
      "file": "cypress/integration/ui/landing.spec.js",
      "beforeHooks": [],
      "afterHooks": [],
      "tests": [],
      "suites": [
        {
          "uuid": "2e777772-6b0d-4476-a7c3-f0d4f53b8460",
          "title": "Landing Page - 1200px",
          "fullFile": "",
          "file": "",
          "beforeHooks": [],
          "afterHooks": [],
          "tests": [
            {
              "title": "Navegar para o cadastro de aulas",
              "fullTitle": "Landing Page - 1200px Navegar para o cadastro de aulas",
              "timedOut": null,
              "duration": 582,
              "state": "passed",
              "speed": "slow",
              "pass": true,
              "fail": false,
              "pending": false,
              "context": null,
              "code": "cov_kjwc8n0l6.f[3]++;\ncov_kjwc8n0l6.s[8]++;\ncy.get('div a.give-classes').click();\ncov_kjwc8n0l6.s[9]++;\ncy.url().should('contain', 'give-classes');",
              "err": {},
              "uuid": "eb5de82d-2b3b-4ff0-87c2-a28db175e4d3",
              "parentUUID": "2e777772-6b0d-4476-a7c3-f0d4f53b8460",
              "isHook": false,
              "skipped": false
            },
            {
              "title": "Navegar para pesquisa de professores",
              "fullTitle": "Landing Page - 1200px Navegar para pesquisa de professores",
              "timedOut": null,
              "duration": 217,
              "state": "passed",
              "speed": "slow",
              "pass": true,
              "fail": false,
              "pending": false,
              "context": null,
              "code": "cov_kjwc8n0l6.f[4]++;\ncov_kjwc8n0l6.s[11]++;\ncy.get('div a.study').click();\ncov_kjwc8n0l6.s[12]++;\ncy.url().should('contain', 'study');",
              "err": {},
              "uuid": "0ebc0385-e8a3-4a35-90a5-ce0f94466c11",
              "parentUUID": "2e777772-6b0d-4476-a7c3-f0d4f53b8460",
              "isHook": false,
              "skipped": false
            }
          ],
          "suites": [],
          "passes": [
            "eb5de82d-2b3b-4ff0-87c2-a28db175e4d3",
            "0ebc0385-e8a3-4a35-90a5-ce0f94466c11"
          ],
          "failures": [],
          "pending": [],
          "skipped": [],
          "duration": 799,
          "root": false,
          "rootEmpty": false,
          "_timeout": 2000
        },
        {
          "uuid": "0bd105d5-b1cb-4575-93be-2c031a8eb602",
          "title": "Landing Page - 1090px",
          "fullFile": "",
          "file": "",
          "beforeHooks": [],
          "afterHooks": [],
          "tests": [
            {
              "title": "Navegar para o cadastro de aulas",
              "fullTitle": "Landing Page - 1090px Navegar para o cadastro de aulas",
              "timedOut": null,
              "duration": 244,
              "state": "passed",
              "speed": "slow",
              "pass": true,
              "fail": false,
              "pending": false,
              "context": null,
              "code": "cov_kjwc8n0l6.f[3]++;\ncov_kjwc8n0l6.s[8]++;\ncy.get('div a.give-classes').click();\ncov_kjwc8n0l6.s[9]++;\ncy.url().should('contain', 'give-classes');",
              "err": {},
              "uuid": "c282e7ac-f44b-4eec-a0e9-ca3c2dec58c2",
              "parentUUID": "0bd105d5-b1cb-4575-93be-2c031a8eb602",
              "isHook": false,
              "skipped": false
            },
            {
              "title": "Navegar para pesquisa de professores",
              "fullTitle": "Landing Page - 1090px Navegar para pesquisa de professores",
              "timedOut": null,
              "duration": 207,
              "state": "passed",
              "speed": "slow",
              "pass": true,
              "fail": false,
              "pending": false,
              "context": null,
              "code": "cov_kjwc8n0l6.f[4]++;\ncov_kjwc8n0l6.s[11]++;\ncy.get('div a.study').click();\ncov_kjwc8n0l6.s[12]++;\ncy.url().should('contain', 'study');",
              "err": {},
              "uuid": "7accbac6-e60e-4378-b859-5571e4490b1b",
              "parentUUID": "0bd105d5-b1cb-4575-93be-2c031a8eb602",
              "isHook": false,
              "skipped": false
            }
          ],
          "suites": [],
          "passes": [
            "c282e7ac-f44b-4eec-a0e9-ca3c2dec58c2",
            "7accbac6-e60e-4378-b859-5571e4490b1b"
          ],
          "failures": [],
          "pending": [],
          "skipped": [],
          "duration": 451,
          "root": false,
          "rootEmpty": false,
          "_timeout": 2000
        }
      ],
      "passes": [],
      "failures": [],
      "pending": [],
      "skipped": [],
      "duration": 0,
      "root": true,
      "rootEmpty": true,
      "_timeout": 2000
    }
  ],
  "meta": {
    "mocha": {
      "version": "7.0.1"
    },
    "mochawesome": {
      "options": {
        "quiet": true,
        "reportFilename": "mochawesome",
        "saveHtml": false,
        "saveJson": true,
        "consoleReporter": "spec",
        "useInlineDiffs": false,
        "code": true
      },
      "version": "6.1.1"
    },
    "marge": {
      "options": {
        "id": "default",
        "reportDir": "mochawesome-report",
        "quiet": true,
        "overwrite": false,
        "html": false,
        "json": true
      },
      "version": "5.1.0"
    }
  }
}