{
  "stats": {
    "suites": 1,
    "tests": 2,
    "passes": 2,
    "pending": 0,
    "failures": 0,
    "start": "2022-08-25T22:49:11.336Z",
    "end": "2022-08-25T22:49:14.653Z",
    "duration": 3317,
    "testsRegistered": 2,
    "passPercent": 100,
    "pendingPercent": 0,
    "other": 0,
    "hasOther": false,
    "skipped": 0,
    "hasSkipped": false
  },
  "results": [
    {
      "uuid": "34660dc4-9a91-4e64-9f30-5f72b7ed129d",
      "title": "",
      "fullFile": "cypress/integration/ui/landing-global.spec.js",
      "file": "cypress/integration/ui/landing-global.spec.js",
      "beforeHooks": [],
      "afterHooks": [],
      "tests": [],
      "suites": [
        {
          "uuid": "4ac639e5-6303-4c8a-862b-08769614deb4",
          "title": "Landing Page",
          "fullFile": "",
          "file": "",
          "beforeHooks": [],
          "afterHooks": [],
          "tests": [
            {
              "title": "Navegar para o cadastro de aulas",
              "fullTitle": "Landing Page Navegar para o cadastro de aulas",
              "timedOut": null,
              "duration": 599,
              "state": "passed",
              "speed": "slow",
              "pass": true,
              "fail": false,
              "pending": false,
              "context": null,
              "code": "cov_xlo89n8on.f[2]++;\ncov_xlo89n8on.s[4]++;\ncy.get('div a.give-classes').click();\ncov_xlo89n8on.s[5]++;\ncy.url().should('contain', 'give-classes');",
              "err": {},
              "uuid": "533f2b1f-5ca9-4f72-b828-73dfbcff023a",
              "parentUUID": "4ac639e5-6303-4c8a-862b-08769614deb4",
              "isHook": false,
              "skipped": false
            },
            {
              "title": "Navegar para pesquisa de professores",
              "fullTitle": "Landing Page Navegar para pesquisa de professores",
              "timedOut": null,
              "duration": 218,
              "state": "passed",
              "speed": "slow",
              "pass": true,
              "fail": false,
              "pending": false,
              "context": null,
              "code": "cov_xlo89n8on.f[3]++;\ncov_xlo89n8on.s[7]++;\ncy.get('div a.study').click();\ncov_xlo89n8on.s[8]++;\ncy.url().should('contain', 'study');",
              "err": {},
              "uuid": "1c238cf8-6e4f-4230-9887-711b1fdd93d1",
              "parentUUID": "4ac639e5-6303-4c8a-862b-08769614deb4",
              "isHook": false,
              "skipped": false
            }
          ],
          "suites": [],
          "passes": [
            "533f2b1f-5ca9-4f72-b828-73dfbcff023a",
            "1c238cf8-6e4f-4230-9887-711b1fdd93d1"
          ],
          "failures": [],
          "pending": [],
          "skipped": [],
          "duration": 817,
          "root": false,
          "rootEmpty": false,
          "_timeout": 2000
        }
      ],
      "passes": [],
      "failures": [],
      "pending": [],
      "skipped": [],
      "duration": 0,
      "root": true,
      "rootEmpty": true,
      "_timeout": 2000
    }
  ],
  "meta": {
    "mocha": {
      "version": "7.0.1"
    },
    "mochawesome": {
      "options": {
        "quiet": true,
        "reportFilename": "mochawesome",
        "saveHtml": false,
        "saveJson": true,
        "consoleReporter": "spec",
        "useInlineDiffs": false,
        "code": true
      },
      "version": "6.1.1"
    },
    "marge": {
      "options": {
        "id": "default",
        "reportDir": "mochawesome-report",
        "quiet": true,
        "overwrite": false,
        "html": false,
        "json": true
      },
      "version": "5.1.0"
    }
  }
}